<?xml version="1.0" encoding="UTF-8"?>
<!-- Generated by org.testng.reporters.JUnitReportReporter -->
<testsuite skipped="0" hostname="LAPTOP-HO5DOLHC" name="util.BrowserFactory" tests="1" failures="0" timestamp="2021-06-04T13:33:16 CDT" time="8.930" errors="0">
  <testcase name="init" time="8.930" classname="util.BrowserFactory"/>
  <system-out/>
</testsuite> <!-- util.BrowserFactory -->
