<?xml version="1.0" encoding="UTF-8"?>
<!-- Generated by org.testng.reporters.JUnitReportReporter -->
<testsuite skipped="0" hostname="LAPTOP-HO5DOLHC" name="test.LoginTest" tests="1" failures="0" timestamp="2021-06-04T16:12:19 CDT" time="18.373" errors="0">
  <testcase name="validUserShouldBeAbleToLogin" time="18.373" classname="test.LoginTest"/>
  <system-out/>
</testsuite> <!-- test.LoginTest -->
